Log file open, 09/06/18 14:52:53
LogWindows: Failed to load 'aqProf.dll' (GetLastError=126)
LogWindows: File 'aqProf.dll' does not exist
LogWindows: Failed to load 'VtuneApi.dll' (GetLastError=126)
LogWindows: File 'VtuneApi.dll' does not exist
LogWindows: Failed to load 'VtuneApi32e.dll' (GetLastError=126)
LogWindows: File 'VtuneApi32e.dll' does not exist
LogInit: Display: Running engine for game: HoopBall
LogPlatformFile: Not using cached read wrapper
LogTaskGraph: Started task graph with 5 named threads and 14 total threads with 3 sets of task threads.
LogStats: Stats thread started at 0.174293
LogD3D11RHI: Loaded GFSDK_Aftermath_Lib.x64.dll
LogICUInternationalization: Display: ICU TimeZone Detection - Raw Offset: +2:00, Platform Override: ''
LogPluginManager: Display: Disabled plugin 'gameDNAinstaller', continuing.
LogPluginManager: Mounting plugin Paper2D
LogPluginManager: Mounting plugin AISupport
LogPluginManager: Mounting plugin LightPropagationVolume
LogPluginManager: Mounting plugin CLionSourceCodeAccess
LogPluginManager: Mounting plugin CodeLiteSourceCodeAccess
LogPluginManager: Mounting plugin GitSourceControl
LogPluginManager: Mounting plugin KDevelopSourceCodeAccess
LogPluginManager: Mounting plugin NullSourceCodeAccess
LogPluginManager: Mounting plugin PerforceSourceControl
LogPluginManager: Mounting plugin SubversionSourceControl
LogPluginManager: Mounting plugin UObjectPlugin
LogPluginManager: Mounting plugin VisualStudioCodeSourceCodeAccess
LogPluginManager: Mounting plugin VisualStudioSourceCodeAccess
LogPluginManager: Mounting plugin XCodeSourceCodeAccess
LogPluginManager: Mounting plugin AssetManagerEditor
LogPluginManager: Mounting plugin CryptoKeys
LogPluginManager: Mounting plugin DataValidation
LogPluginManager: Mounting plugin FacialAnimation
LogPluginManager: Mounting plugin GameplayTagsEditor
LogPluginManager: Mounting plugin MacGraphicsSwitching
LogPluginManager: Mounting plugin MeshEditor
LogPluginManager: Mounting plugin MobileLauncherProfileWizard
LogPluginManager: Mounting plugin PluginBrowser
LogPluginManager: Mounting plugin SpeedTreeImporter
LogPluginManager: Mounting plugin DatasmithContent
LogPluginManager: Mounting plugin AlembicImporter
LogPluginManager: Mounting plugin AppleImageUtils
LogPluginManager: Mounting plugin AppleVision
LogPluginManager: Mounting plugin BackChannel
LogPluginManager: Mounting plugin CharacterAI
LogPluginManager: Mounting plugin GeometryCache
LogPluginManager: Mounting plugin HTML5Networking
LogPluginManager: Mounting plugin ProxyLODPlugin
LogPluginManager: Mounting plugin MagicLeap
LogPluginManager: Mounting plugin MagicLeapEmulator
LogPluginManager: Mounting plugin MagicLeapMedia
LogPluginManager: Mounting plugin ExtendedFacebook
LogPluginManager: Mounting plugin UniversalMobileAds
LogPluginManager: Mounting plugin AndroidMedia
LogPluginManager: Mounting plugin AvfMedia
LogPluginManager: Mounting plugin ImgMedia
LogPluginManager: Mounting plugin LinearTimecode
LogPluginManager: Mounting plugin MediaCompositing
LogPluginManager: Mounting plugin MediaPlayerEditor
LogPluginManager: Mounting plugin WmfMedia
LogPluginManager: Mounting plugin TcpMessaging
LogPluginManager: Mounting plugin UdpMessaging
LogPluginManager: Mounting plugin ActorSequence
LogPluginManager: Mounting plugin LevelSequenceEditor
LogPluginManager: Mounting plugin MatineeToLevelSequence
LogPluginManager: Mounting plugin NetcodeUnitTest
LogPluginManager: Mounting plugin NUTUnrealEngine4
LogPluginManager: Mounting plugin OnlineSubsystemGooglePlay
LogPluginManager: Mounting plugin OnlineSubsystemIOS
LogPluginManager: Mounting plugin OnlineSubsystem
LogPluginManager: Mounting plugin OnlineSubsystemNull
LogPluginManager: Mounting plugin OnlineSubsystemUtils
LogPluginManager: Mounting plugin LauncherChunkInstaller
LogPluginManager: Mounting plugin AndroidDeviceProfileSelector
LogPluginManager: Mounting plugin AndroidMoviePlayer
LogPluginManager: Mounting plugin AndroidPermission
LogPluginManager: Mounting plugin AppleMoviePlayer
LogPluginManager: Mounting plugin ArchVisCharacter
LogPluginManager: Mounting plugin AudioCapture
LogPluginManager: Mounting plugin CableComponent
LogPluginManager: Mounting plugin CustomMeshComponent
LogPluginManager: Mounting plugin EditableMesh
LogPluginManager: Mounting plugin ExampleDeviceProfileSelector
LogPluginManager: Mounting plugin GoogleCloudMessaging
LogPluginManager: Mounting plugin ImmediatePhysics
LogPluginManager: Mounting plugin IOSDeviceProfileSelector
LogPluginManager: Mounting plugin LinuxDeviceProfileSelector
LogPluginManager: Mounting plugin LocationServicesBPLibrary
LogPluginManager: Mounting plugin MobilePatchingUtils
LogPluginManager: Mounting plugin OculusVR
LogPluginManager: Plugin shader directory ../../../Engine/Plugins/Runtime/Oculus/OculusVR/Shaders found
LogPluginManager: Mapping shader source directory ../../../Engine/Plugins/Runtime/Oculus/OculusVR/Shaders to virtual directory /Plugin/OculusVR
LogPluginManager: Mounting plugin PhysXVehicles
LogPluginManager: Mounting plugin ProceduralMeshComponent
LogPluginManager: Mounting plugin RuntimePhysXCooking
LogPluginManager: Mounting plugin SteamVR
LogPluginManager: Mounting plugin WindowsMoviePlayer
LogStreaming: Display: Took  4.043s to configure plugins.
LogInit: Using libcurl 7.55.1-DEV
LogInit:  - built for x86_64-pc-win32
LogInit:  - supports SSL with OpenSSL/1.0.2h
LogInit:  - supports HTTP deflate (compression) using libz 1.2.8
LogInit:  - other features:
LogInit:      CURL_VERSION_SSL
LogInit:      CURL_VERSION_LIBZ
LogInit:      CURL_VERSION_IPV6
LogInit:      CURL_VERSION_ASYNCHDNS
LogInit:      CURL_VERSION_LARGEFILE
LogInit:      CURL_VERSION_IDN
LogInit:  CurlRequestOptions (configurable via config and command line):
LogInit:  - bVerifyPeer = false  - Libcurl will NOT verify peer certificate
LogInit:  - bUseHttpProxy = false  - Libcurl will NOT use HTTP proxy
LogInit:  - bDontReuseConnections = false  - Libcurl will reuse connections
LogInit:  - CertBundlePath = nullptr  - Libcurl will use whatever was configured at build time.
LogInit:  - MaxHostConnections = 16  - Libcurl will limit the number of connections to a host
LogInit:  - LocalHostAddr = Default
LogInit:  - BufferSize = 65536
LogInit: WinSock: version 1.1 (2.2), MaxSocks=32767, MaxUdp=65467
LogInit: Build: ++UE4+Release-4.20-CL-4233996
LogInit: Engine Version: 4.20.1-4233996+++UE4+Release-4.20
LogInit: Compatible Engine Version: 4.20.0-4212847+++UE4+Release-4.20
LogInit: Net CL: 4212847
LogInit: OS: Windows 7 (Service Pack 1), CPU:         Intel(R) Core(TM) i5-2500 CPU @ 3.30GHz, GPU: AMD Radeon HD 7700 Series
LogInit: Compiled (64-bit): Jul 26 2018 10:07:30
LogInit: Compiled with Visual C++: 19.13.26129.00
LogInit: Build Configuration: Development
LogInit: Branch Name: ++UE4+Release-4.20
LogInit: Command Line:  
LogInit: Base Directory: D:/Epic Games/UE_4.20/Engine/Binaries/Win64/
LogInit: Installed Engine Build: 1
LogDevObjectVersion: Number of dev versions registered: 20
LogDevObjectVersion:   Dev-Blueprints (B0D832E4-1F89-4F0D-ACCF-7EB736FD4AA2): 10
LogDevObjectVersion:   Dev-Build (E1C64328-A22C-4D53-A36C-8E866417BD8C): 0
LogDevObjectVersion:   Dev-Core (375EC13C-06E4-48FB-B500-84F0262A717E): 2
LogDevObjectVersion:   Dev-Editor (E4B068ED-F494-42E9-A231-DA0B2E46BB41): 24
LogDevObjectVersion:   Dev-Framework (CFFC743F-43B0-4480-9391-14DF171D2073): 34
LogDevObjectVersion:   Dev-Mobile (B02B49B5-BB20-44E9-A304-32B752E40360): 2
LogDevObjectVersion:   Dev-Networking (A4E4105C-59A1-49B5-A7C5-40C4547EDFEE): 0
LogDevObjectVersion:   Dev-Online (39C831C9-5AE6-47DC-9A44-9C173E1C8E7C): 0
LogDevObjectVersion:   Dev-Physics (78F01B33-EBEA-4F98-B9B4-84EACCB95AA2): 0
LogDevObjectVersion:   Dev-Platform (6631380F-2D4D-43E0-8009-CF276956A95A): 0
LogDevObjectVersion:   Dev-Rendering (12F88B9F-8875-4AFC-A67C-D90C383ABD29): 26
LogDevObjectVersion:   Dev-Sequencer (7B5AE74C-D270-4C10-A958-57980B212A5A): 9
LogDevObjectVersion:   Dev-VR (D7296918-1DD6-4BDD-9DE2-64A83CC13884): 2
LogDevObjectVersion:   Dev-LoadTimes (C2A15278-BFE7-4AFE-6C17-90FF531DF755): 1
LogDevObjectVersion:   Private-Geometry (6EACA3D4-40EC-4CC1-B786-8BED09428FC5): 3
LogDevObjectVersion:   Dev-AnimPhys (29E575DD-E0A3-4627-9D10-D276232CDCEA): 17
LogDevObjectVersion:   Dev-ReflectionCapture (6B266CEC-1EC7-4B8F-A30B-E4D90942FC07): 1
LogDevObjectVersion:   Dev-Automation (0DF73D61-A23F-47EA-B727-89E90C41499A): 1
LogDevObjectVersion:   FortniteMain (601D1886-AC64-4F84-AA16-D3DE0DEAC7D6): 12
LogDevObjectVersion:   Dev-Enterprise (9DFFBCD6-494F-0158-E221-12823C92A888): 1
LogStreaming: Display: Took  0.001s to delete old logs.
LogInit: Presizing for max 8388607 objects, including 0 objects not considered by GC, pre-allocating 0 bytes for permanent pool.
LogInit: Object subsystem initialized
[2018.09.06-12.52.53:925][  0]LogInit: Selected Device Profile: [Windows]
[2018.09.06-12.52.53:925][  0]LogInit: Applying CVar settings loaded from the selected device profile: [Windows]
[2018.09.06-12.52.53:941][  0]LogHAL: Display: Platform has ~ 12 GB [12828434432 / 17179869184 / 12], which maps to Larger [LargestMinGB=32, LargerMinGB=12, DefaultMinGB=8, SmallerMinGB=6, SmallestMinGB=0)
[2018.09.06-12.52.53:941][  0]LogInit: Setting Device Profile CVar: [[r.Vulkan.UseRealUBs:1]]
[2018.09.06-12.52.53:941][  0]LogInit: Going up to parent DeviceProfile []
[2018.09.06-12.52.53:950][  0]LogInit: Computer: UNCLEGRABBY-PC
[2018.09.06-12.52.53:950][  0]LogInit: User: UncleGrabby
[2018.09.06-12.52.53:950][  0]LogInit: CPU Page size=4096, Cores=4
[2018.09.06-12.52.53:950][  0]LogInit: High frequency timer resolution =3.215380 MHz
[2018.09.06-12.52.53:950][  0]LogMemory: Memory total: Physical=11.9GB (12GB approx)
[2018.09.06-12.52.53:950][  0]LogMemory: Platform Memory Stats for Windows
[2018.09.06-12.52.53:950][  0]LogMemory: Process Physical Memory: 103.31 MB used, 103.31 MB peak
[2018.09.06-12.52.53:950][  0]LogMemory: Process Virtual Memory: 91.30 MB used, 91.30 MB peak
[2018.09.06-12.52.53:950][  0]LogMemory: Physical Memory: 5571.70 MB used,  6662.45 MB free, 12234.15 MB total
[2018.09.06-12.52.53:950][  0]LogMemory: Virtual Memory: 487.95 MB used,  6662.45 MB free, 8388608.00 MB total
[2018.09.06-12.52.53:978][  0]LogInit: Using OS detected language (en-GB).
[2018.09.06-12.52.53:978][  0]LogInit: Using OS detected locale (en-GB).
[2018.09.06-12.52.53:979][  0]LogTextLocalizationManager: No specific localization for 'en-GB' exists, so the 'en' localization will be used.
[2018.09.06-12.52.54:414][  0]LogStreaming: Display: Took  0.436s to InitEngineTextLocalization.
[2018.09.06-12.52.54:415][  0]LogWindows: Failed to load 'shcore.dll' (GetLastError=126)
[2018.09.06-12.52.54:415][  0]LogWindows: File 'shcore.dll' does not exist
[2018.09.06-12.52.54:415][  0]LogInit: Setting process to DPI aware
[2018.09.06-12.52.54:467][  0]LogSlate: New Slate User Created.  User Index 0, Is Virtual User: 0
[2018.09.06-12.52.54:467][  0]LogSlate: Slate User Registered.  User Index 0, Is Virtual User: 0
[2018.09.06-12.52.54:881][  0]LogHMD: Failed to initialize OpenVR with code 110
[2018.09.06-12.52.54:881][  0]LogD3D11RHI: D3D11 adapters:
[2018.09.06-12.52.54:891][  0]LogD3D11RHI:    0. 'AMD Radeon HD 7700 Series' (Feature Level 11_0)
[2018.09.06-12.52.54:891][  0]LogD3D11RHI:       1002/0/3840 MB DedicatedVideo/DedicatedSystem/SharedSystem, Outputs:2, VendorId:0x1002
[2018.09.06-12.52.54:891][  0]LogD3D11RHI: Chosen D3D11 Adapter: 0
[2018.09.06-12.52.54:896][  0]LogD3D11RHI: Creating new Direct3DDevice
[2018.09.06-12.52.54:896][  0]LogD3D11RHI:     GPU DeviceId: 0x683d (for the marketing name, search the web for "GPU Device Id")
[2018.09.06-12.52.54:896][  0]LogWindows: EnumDisplayDevices:
[2018.09.06-12.52.54:897][  0]LogWindows:    0. 'AMD Radeon HD 7700 Series' (P:0 D:1)
[2018.09.06-12.52.54:897][  0]LogWindows:    1. 'AMD Radeon HD 7700 Series' (P:1 D:1)
[2018.09.06-12.52.54:897][  0]LogWindows:    2. 'AMD Radeon HD 7700 Series' (P:0 D:0)
[2018.09.06-12.52.54:897][  0]LogWindows:    3. 'AMD Radeon HD 7700 Series' (P:0 D:0)
[2018.09.06-12.52.54:898][  0]LogWindows:    4. 'AMD Radeon HD 7700 Series' (P:0 D:0)
[2018.09.06-12.52.54:898][  0]LogWindows:    5. 'AMD Radeon HD 7700 Series' (P:0 D:0)
[2018.09.06-12.52.54:898][  0]LogWindows:    6. 'RDPDD Chained DD' (P:0 D:0)
[2018.09.06-12.52.54:898][  0]LogWindows:    7. 'RDP Encoder Mirror Driver' (P:0 D:0)
[2018.09.06-12.52.54:898][  0]LogWindows:    8. 'RDP Reflector Display Driver' (P:0 D:0)
[2018.09.06-12.52.54:898][  0]LogWindows: DebugString: GetVideoDriverDetailsInvalid PrimaryIsNotTheChoosenAdapter GetVideoDriverDetailsInvalid PrimaryIsNotTheChoosenAdapter GetVideoDriverDetailsInvalid PrimaryIsNotTheChoosenAdapter FoundDriverCount:6 
[2018.09.06-12.52.54:898][  0]LogD3D11RHI:     Adapter Name: AMD Radeon HD 7700 Series
[2018.09.06-12.52.54:898][  0]LogD3D11RHI:   Driver Version: Crimson ReLive 17.4.4 (internal:22.19.162.4, unified:22.19.162.4)
[2018.09.06-12.52.54:898][  0]LogD3D11RHI:      Driver Date: 4-24-2017
[2018.09.06-12.52.54:898][  0]LogRHI: Texture pool is 701 MB (70% of 1002 MB)
[2018.09.06-12.52.54:987][  0]LogD3D11RHI: Async texture creation enabled
[2018.09.06-12.52.54:997][  0]LogD3D11RHI: GPU Timing Frequency: 27.000000 (Debug: 2 1)
[2018.09.06-12.52.54:997][  0]LogShaderCompilers: Guid format shader working directory is 21 characters bigger than the processId version (../../../../../GitHub/HoopBall2/Intermediate/Shaders/WorkingDirectory/7572/).
[2018.09.06-12.52.54:997][  0]LogShaderCompilers: Cleaned the shader compiler working directory 'C:/Users/UncleGrabby/AppData/Local/Temp/UnrealShaderWorkingDir/6BF6B7FC4B949C5FBDF4A283DC785519/'.
[2018.09.06-12.52.55:289][  0]LogTemp: Display: Loaded TP AllDesktopTargetPlatform
[2018.09.06-12.52.55:306][  0]LogTemp: Display: Loaded TP MacClientTargetPlatform
[2018.09.06-12.52.55:323][  0]LogTemp: Display: Loaded TP MacNoEditorTargetPlatform
[2018.09.06-12.52.55:341][  0]LogTemp: Display: Loaded TP MacServerTargetPlatform
[2018.09.06-12.52.55:359][  0]LogTemp: Display: Loaded TP MacTargetPlatform
[2018.09.06-12.52.55:376][  0]LogTemp: Display: Loaded TP WindowsClientTargetPlatform
[2018.09.06-12.52.55:394][  0]LogTemp: Display: Loaded TP WindowsNoEditorTargetPlatform
[2018.09.06-12.52.55:411][  0]LogTemp: Display: Loaded TP WindowsServerTargetPlatform
[2018.09.06-12.52.55:419][  0]LogTemp: Display: Loaded TP WindowsTargetPlatform
[2018.09.06-12.52.55:521][  0]LogTemp: Display: Loaded TP AndroidTargetPlatform
[2018.09.06-12.52.55:521][  0]LogTemp: Display: Loaded TP AndroidTargetPlatform
[2018.09.06-12.52.55:521][  0]LogTemp: Display: Loaded TP AndroidTargetPlatform
[2018.09.06-12.52.55:521][  0]LogTemp: Display: Loaded TP AndroidTargetPlatform
[2018.09.06-12.52.55:521][  0]LogTemp: Display: Loaded TP AndroidTargetPlatform
[2018.09.06-12.52.55:521][  0]LogTemp: Display: Loaded TP AndroidTargetPlatform
[2018.09.06-12.52.55:521][  0]LogTemp: Display: Loaded TP AndroidTargetPlatform
[2018.09.06-12.52.55:521][  0]LogTemp: Display: Loaded TP AndroidTargetPlatform
[2018.09.06-12.52.55:521][  0]LogTemp: Display: Loaded TP AndroidTargetPlatform
[2018.09.06-12.52.55:521][  0]LogTemp: Display: Loaded TP AndroidTargetPlatform
[2018.09.06-12.52.55:521][  0]LogTemp: Display: Loaded TP AndroidTargetPlatform
[2018.09.06-12.52.55:521][  0]LogTemp: Display: Loaded TP AndroidTargetPlatform
[2018.09.06-12.52.55:521][  0]LogTemp: Display: Loaded TP AndroidTargetPlatform
[2018.09.06-12.52.55:521][  0]LogTemp: Display: Loaded TP AndroidTargetPlatform
[2018.09.06-12.52.55:521][  0]LogTemp: Display: Loaded TP AndroidTargetPlatform
[2018.09.06-12.52.55:521][  0]LogTemp: Display: Loaded TP AndroidTargetPlatform
[2018.09.06-12.52.55:521][  0]LogTemp: Display: Loaded TP AndroidTargetPlatform
[2018.09.06-12.52.55:521][  0]LogTemp: Display: Loaded TP AndroidTargetPlatform
[2018.09.06-12.52.55:523][  0]LogTemp: Display: Loaded TP HTML5TargetPlatform
[2018.09.06-12.52.55:589][  0]LogTemp: Display: Loaded TP IOSTargetPlatform
[2018.09.06-12.52.55:589][  0]LogTemp: Display: Loaded TP IOSTargetPlatform
[2018.09.06-12.52.55:620][  0]LogTemp: Display: Loaded TP TVOSTargetPlatform
[2018.09.06-12.52.55:620][  0]LogTemp: Display: Loaded TP TVOSTargetPlatform
[2018.09.06-12.52.55:636][  0]LogTemp: Display: Loaded TP LinuxClientTargetPlatform
[2018.09.06-12.52.55:652][  0]LogTemp: Display: Loaded TP LinuxNoEditorTargetPlatform
[2018.09.06-12.52.55:669][  0]LogTemp: Display: Loaded TP LinuxServerTargetPlatform
[2018.09.06-12.52.55:686][  0]LogTemp: Display: Loaded TP LinuxTargetPlatform
[2018.09.06-12.52.55:697][  0]LogTemp: Display: Loaded TP LuminTargetPlatform
[2018.09.06-12.52.55:697][  0]LogTargetPlatformManager: Display: Building Assets For Windows
[2018.09.06-12.52.55:752][  0]LogXGEController: Cleaning working directory: C:/Users/UncleGrabby/AppData/Local/Temp/UnrealXGEWorkingDir/
[2018.09.06-12.52.55:752][  0]LogXGEController: Cannot use XGE Controller as Incredibuild is not installed on this machine.
[2018.09.06-12.52.55:752][  0]LogShaderCompilers: Cannot use XGE Shader Compiler as Incredibuild is not installed on this machine.
[2018.09.06-12.52.55:752][  0]LogShaderCompilers: Display: Using Local Shader Compiler.
[2018.09.06-12.52.56:677][  0]LogDerivedDataCache: Display: Max Cache Size: 512 MB
[2018.09.06-12.52.56:681][  0]LogDerivedDataCache: Loaded boot cache 0.00s 4MB C:/Users/UncleGrabby/AppData/Local/UnrealEngine/4.20/DerivedDataCache/Boot.ddc.
[2018.09.06-12.52.56:681][  0]LogDerivedDataCache: Display: Loaded Boot cache: C:/Users/UncleGrabby/AppData/Local/UnrealEngine/4.20/DerivedDataCache/Boot.ddc
[2018.09.06-12.52.56:681][  0]LogDerivedDataCache: FDerivedDataBackendGraph:  Pak pak cache file ../../../../../GitHub/HoopBall2/DerivedDataCache/DDC.ddp not found, will not use a pak cache.
[2018.09.06-12.52.56:681][  0]LogDerivedDataCache: Unable to find inner node Pak for hierarchical cache Hierarchy.
[2018.09.06-12.52.56:681][  0]LogDerivedDataCache: FDerivedDataBackendGraph:  CompressedPak pak cache file ../../../../../GitHub/HoopBall2/DerivedDataCache/Compressed.ddp not found, will not use a pak cache.
[2018.09.06-12.52.56:681][  0]LogDerivedDataCache: Unable to find inner node CompressedPak for hierarchical cache Hierarchy.
[2018.09.06-12.52.56:697][  0]LogDerivedDataCache: Display: Pak cache opened for reading ../../../Engine/DerivedDataCache/Compressed.ddp.
[2018.09.06-12.52.56:709][  0]LogDerivedDataCache: Using Local data cache path C:/Users/UncleGrabby/AppData/Local/UnrealEngine/Common/DerivedDataCache: Writable
[2018.09.06-12.52.56:709][  0]LogDerivedDataCache: Shared data cache path not found in *engine.ini, will not use an Shared cache.
[2018.09.06-12.52.56:709][  0]LogDerivedDataCache: Unable to find inner node Shared for hierarchical cache Hierarchy.
[2018.09.06-12.52.56:813][  0]LogMaterial: Verifying Global Shaders for PCD3D_SM5
[2018.09.06-12.52.56:815][  0]LogSlate: Using FreeType 2.6.0
[2018.09.06-12.52.56:827][  0]LogSlate: SlateFontServices - WITH_FREETYPE: 1, WITH_HARFBUZZ: 1
[2018.09.06-12.52.57:092][  0]LogAssetRegistry: FAssetRegistry took 0.0255 seconds to start up
[2018.09.06-12.52.57:502][  0]LogInit: Selected Device Profile: [Windows]
[2018.09.06-12.52.58:424][  0]LogSimplygon: Simplygon DLL not present - disabling.
[2018.09.06-12.52.58:448][  0]LogMeshReduction: Using SimplygonSwarm for distributed automatic mesh merging
[2018.09.06-12.52.58:448][  0]LogMeshReduction: Using ProxyLODMeshReduction for automatic mesh merging
[2018.09.06-12.52.58:448][  0]LogMeshReduction: Using QuadricMeshReduction for automatic static mesh reduction
[2018.09.06-12.52.58:448][  0]LogMeshReduction: No automatic skeletal mesh reduction module available
[2018.09.06-12.52.58:884][  0]LogNetVersion: HoopBall 1.0.0, NetCL: 4212847, EngineNetVer: 5, GameNetVer: 0 (Checksum: 2224932261)
[2018.09.06-12.53.04:629][  0]LogPackageLocalizationCache: Processed 11 localized package path(s) for 2 prioritized culture(s) in 0.102341 seconds
[2018.09.06-12.53.04:636][  0]LogUObjectArray: 38425 objects as part of root set at end of initial load.
[2018.09.06-12.53.04:636][  0]LogUObjectAllocator: 6690872 out of 0 bytes used by permanent object pool.
[2018.09.06-12.53.04:636][  0]LogUObjectArray: CloseDisregardForGC: 0/0 objects in disregard for GC pool
[2018.09.06-12.53.28:999][  0]LogTcpMessaging: Initializing TcpMessaging bridge
[2018.09.06-12.53.29:012][  0]LogUdpMessaging: Initializing bridge on interface 0.0.0.0:0 to multicast group 230.0.0.1:6666.
[2018.09.06-12.53.29:521][  0]SourceControl: Source control is disabled
[2018.09.06-12.53.29:545][  0]LogWindows: Warning: CreateProc failed: The system cannot find the file specified. (0x00000002)
[2018.09.06-12.53.29:545][  0]LogWindows: Warning: URL: L:/Program Files/Git/bin/git.exe version
[2018.09.06-12.53.29:547][  0]LogWindows: Warning: CreateProc failed: The system cannot find the file specified. (0x00000002)
[2018.09.06-12.53.29:547][  0]LogWindows: Warning: URL: L:/Program Files/Git/bin/git.exe version
[2018.09.06-12.53.29:548][  0]LogWindows: Warning: CreateProc failed: The system cannot find the file specified. (0x00000002)
[2018.09.06-12.53.29:548][  0]LogWindows: Warning: URL: L:/Program Files/Git/bin/git.exe version
[2018.09.06-12.53.29:875][  0]LogAndroidPermission: UAndroidPermissionCallbackProxy::GetInstance
[2018.09.06-12.53.29:994][  0]LogOcInput: OculusInput pre-init called
[2018.09.06-12.53.30:196][  0]LogEngine: Initializing Engine...
[2018.09.06-12.53.30:197][  0]LogHMD: Failed to initialize OpenVR with code 110
[2018.09.06-12.53.30:200][  0]LogStats: UGameplayTagsManager::ConstructGameplayTagTree: ImportINI prefixes -  0.000 s
[2018.09.06-12.53.30:200][  0]LogStats: UGameplayTagsManager::ConstructGameplayTagTree: Construct from data asset -  0.000 s
[2018.09.06-12.53.30:200][  0]LogStats: UGameplayTagsManager::ConstructGameplayTagTree: ImportINI -  0.000 s
[2018.09.06-12.53.30:200][  0]LogStats: UGameplayTagsManager::ConstructGameplayTagTree: GameplayTagTreeChangedEvent.Broadcast -  0.000 s
[2018.09.06-12.53.30:802][  0]LogInit: Initializing FReadOnlyCVARCache
[2018.09.06-12.53.30:814][  0]LogAIModule: Creating AISystem for world Untitled
[2018.09.06-12.53.30:880][  0]LogInit: XAudio2 using 'Speakers (2- Realtek High Definition Audio)' : 2 channels at 48 kHz using 32 bits per sample (channel mask 0x3)
[2018.09.06-12.53.30:895][  0]LogInit: FAudioDevice initialized.
[2018.09.06-12.53.30:895][  0]LogNetVersion: Set ProjectVersion to 0.1. Version Checksum will be recalculated on next use.
[2018.09.06-12.53.31:069][  0]LogDerivedDataCache: Saved boot cache 0.17s 71MB C:/Users/UncleGrabby/AppData/Local/UnrealEngine/4.20/DerivedDataCache/Boot.ddc.
[2018.09.06-12.53.31:069][  0]LogInit: Texture streaming: Enabled
[2018.09.06-12.53.31:295][  0]LogEngineSessionManager: EngineSessionManager initialized
[2018.09.06-12.53.31:317][  0]LogInit: Transaction tracking system initialized
[2018.09.06-12.53.31:472][  0]BlueprintLog: New page: Editor Load
[2018.09.06-12.53.31:907][  0]LocalizationService: Localization service is disabled
[2018.09.06-12.53.33:991][  0]LogCook: Display: Max memory allowance for cook 16384mb min free memory 0mb
[2018.09.06-12.53.33:991][  0]LogCook: Display: Mobile HDR setting 0
[2018.09.06-12.53.33:991][  0]LogGameplayTags: Display: UGameplayTagsManager::DoneAddingNativeTags. DelegateIsBound: 0
[2018.09.06-12.53.33:991][  0]LogStats: UGameplayTagsManager::ConstructGameplayTagTree: ImportINI prefixes -  0.000 s
[2018.09.06-12.53.33:991][  0]LogStats: UGameplayTagsManager::ConstructGameplayTagTree: Construct from data asset -  0.000 s
[2018.09.06-12.53.33:991][  0]LogStats: UGameplayTagsManager::ConstructGameplayTagTree: ImportINI -  0.000 s
[2018.09.06-12.53.33:991][  0]LogStats: UGameplayTagsManager::ConstructGameplayTagTree: GameplayTagTreeChangedEvent.Broadcast -  0.000 s
[2018.09.06-12.53.34:052][  0]LogFileCache: Scanning file cache for directory 'D:/GitHub/HoopBall2/Content/' took 0.02s
[2018.09.06-12.53.34:901][  0]LogWindows: Warning: CreateProc failed: The system cannot find the file specified. (0x00000002)
[2018.09.06-12.53.34:901][  0]LogWindows: Warning: URL: L:/Program Files/Git/bin/git.exe version
[2018.09.06-12.53.34:902][  0]Cmd: MAP LOAD FILE="../../../../../GitHub/HoopBall2/Content/Map/Main/mainmenu.umap" TEMPLATE=0 SHOWPROGRESS=1 FEATURELEVEL=3
[2018.09.06-12.53.34:903][  0]LightingResults: New page: Lighting Build
[2018.09.06-12.53.34:924][  0]MapCheck: New page: Map Check
[2018.09.06-12.53.34:924][  0]LightingResults: New page: Lighting Build
[2018.09.06-12.53.37:660][  0]LogTexture: Display: Building textures: Tex_icon_14 (AutoDXT, 256X256)
[2018.09.06-12.53.37:660][  0]LogTexture: Display: Building textures: Tex_icon_11 (AutoDXT, 256X256)
[2018.09.06-12.53.37:692][  0]LogTexture: Display: Building textures: ThumbnailTexture (DXT1, 512X512)
[2018.09.06-12.53.37:692][  0]LogTexture: Display: Building textures: T_White_D (AutoDXT, 1024X1024)
[2018.09.06-12.53.37:692][  0]LogAudioDerivedData: Display: Building compressed audio format OGG hash OGG wave Countdown_GO__2_...
[2018.09.06-12.53.37:692][  0]LogTemp: Couldn't find amount to resample to.
[2018.09.06-12.53.37:809][  0]LogTexture: Display: Building textures: T_Black_D (AutoDXT, 1024X1024)
[2018.09.06-12.53.37:809][  0]LogAudioDerivedData: Display: Building compressed audio format OGG hash OGG wave Countdown__5__Tick...
[2018.09.06-12.53.37:809][  0]LogTemp: Couldn't find amount to resample to.
[2018.09.06-12.53.37:945][  0]LogTexture: Display: Building textures: T_Chips_N (BC5, 1024X1024)
[2018.09.06-12.53.37:945][  0]LogTexture: Display: Building textures: T_Chips_D (AutoDXT, 1024X1024)
[2018.09.06-12.53.37:945][  0]LogStaticMesh: Building static mesh SM_Bubble...
[2018.09.06-12.53.38:029][  0]LogTexture: Display: Building textures: T_Cloud_1024_M (AutoDXT, 1024X1024)
[2018.09.06-12.53.38:029][  0]LogStaticMesh: Built static mesh [0.08s] /Game/Cartoony_Impact_-_Stylized_Particle_Simulation_1/Geometry/SM_Bubble.SM_Bubble
[2018.09.06-12.53.38:096][  0]LogTexture: Display: Building textures: T_Vent_M (AutoDXT, 1024X1024)
[2018.09.06-12.53.38:096][  0]LogMaterial: Display: Missing cached shader map for material M_BubbleCell, compiling. 
[2018.09.06-12.53.38:255][  0]LogShaderCompilers: Display: Shaders left to compile 7
[2018.09.06-12.53.38:255][  0]LogMaterial: Display: Missing cached shader map for material M_BubbleCell, compiling. 
[2018.09.06-12.53.38:331][  0]LogMaterial: Display: Missing cached shader map for material M_BubbleCell, compiling. 
[2018.09.06-12.53.39:679][  0]LogShaderCompilers: Display: Shaders left to compile 14
[2018.09.06-12.53.39:679][  0]LogShaderCompilers: Display: Shaders left to compile 4
[2018.09.06-12.53.39:679][  0]LogTexture: Display: Building textures: T_Scratches_N (BC5, 1024X1024)
[2018.09.06-12.53.39:679][  0]LogTexture: Display: Building textures: T_Grate_H (AutoDXT, 1024X1024)
[2018.09.06-12.53.41:959][  0]LogTexture: Display: Building textures: T_Dirt_D (AutoDXT, 1024X1024)
[2018.09.06-12.53.41:996][  0]LogMaterial: Display: Missing cached shader map for material M_Base, compiling. 
[2018.09.06-12.53.42:306][  0]LogAudioDerivedData: Display: Building compressed audio format OGG hash OGG wave S_Carefree_Loop...
[2018.09.06-12.53.42:356][  0]LogTemp: Couldn't find amount to resample to.
[2018.09.06-12.53.45:281][  0]LogShaderCompilers: Display: Shaders left to compile 57
[2018.09.06-12.53.45:281][  0]LogShaderCompilers: Display: Shaders left to compile 47
[2018.09.06-12.53.45:281][  0]LogShaderCompilers: Display: Shaders left to compile 37
[2018.09.06-12.53.45:281][  0]LogShaderCompilers: Display: Shaders left to compile 27
[2018.09.06-12.53.45:281][  0]LogShaderCompilers: Display: Shaders left to compile 17
[2018.09.06-12.53.45:421][  0]LogAIModule: Creating AISystem for world mainmenu
[2018.09.06-12.53.45:627][  0]LogEditorServer: Finished looking for orphan Actors (0.000 secs)
[2018.09.06-12.53.46:341][  0]Cmd: MAP CHECKDEP NOCLEARLOG
[2018.09.06-12.53.46:454][  0]LogShaderCompilers: Display: Shaders left to compile 7
[2018.09.06-12.53.46:454][  0]MapCheck: Map check complete: 0 Error(s), 0 Warning(s), took 112.833ms to complete.
[2018.09.06-12.53.46:454][  0]LogFileHelpers: Loading map 'mainmenu' took 11.553
[2018.09.06-12.53.46:632][  0]LogSlate: Updating window title bar state: overlay mode, drag disabled, window buttons hidden, title bar hidden
[2018.09.06-12.53.46:644][  0]LogSlate: Updating window title bar state: overlay mode, drag disabled, window buttons hidden, title bar hidden
[2018.09.06-12.53.46:655][  0]LogSlate: Updating window title bar state: overlay mode, drag disabled, window buttons hidden, title bar hidden
[2018.09.06-12.53.46:665][  0]LogSlate: Updating window title bar state: overlay mode, drag disabled, window buttons hidden, title bar hidden
[2018.09.06-12.53.46:673][  0]LogCollectionManager: Loaded 0 collections in 0.001347 seconds
[2018.09.06-12.53.46:728][  0]LogFileCache: Scanning file cache for directory 'D:/GitHub/HoopBall2/Saved/Collections/' took 0.01s
[2018.09.06-12.53.46:728][  0]LogFileCache: Scanning file cache for directory 'D:/GitHub/HoopBall2/Content/Developers/UncleGrabby/Collections/' took 0.01s
[2018.09.06-12.53.46:728][  0]LogFileCache: Scanning file cache for directory 'D:/GitHub/HoopBall2/Content/Collections/' took 0.01s
[2018.09.06-12.53.46:728][  0]LogCollectionManager: Rebuilt the GUID cache for 0 collections in 0.000000 seconds
[2018.09.06-12.53.46:740][  0]LogContentBrowser: Native class hierarchy populated in 0.0116 seconds. Added 2597 classes and 617 folders.
[2018.09.06-12.53.46:757][  0]LogContentBrowser: Native class hierarchy updated for 'WidgetCarousel' in 0.0003 seconds. Added 0 classes and 0 folders.
[2018.09.06-12.53.47:561][  0]LogContentBrowser: Native class hierarchy updated for 'AddContentDialog' in 0.0003 seconds. Added 0 classes and 0 folders.
[2018.09.06-12.53.47:589][  0]LogContentBrowser: Native class hierarchy updated for 'SceneOutliner' in 0.0003 seconds. Added 1 classes and 2 folders.
[2018.09.06-12.53.47:731][  0]LogSlate: Took 0.000726 seconds to synchronously load lazily loaded font '../../../Engine/Content/Slate/Fonts/Roboto-Regular.ttf' (155K)
[2018.09.06-12.53.47:734][  0]LogSlate: Took 0.000944 seconds to synchronously load lazily loaded font '../../../Engine/Content/Slate/Fonts/Roboto-Bold.ttf' (160K)
[2018.09.06-12.53.47:800][  0]LogSlate: Took 0.058581 seconds to synchronously load lazily loaded font '../../../Engine/Content/Editor/Slate/Fonts/FontAwesome.ttf' (139K)
[2018.09.06-12.53.48:005][  0]LogRenderer: Reallocating scene render targets to support 872x464 Format 10 NumSamples 1 (Frame:1).
[2018.09.06-12.53.48:305][  0]LogContentBrowser: Native class hierarchy updated for 'HierarchicalLODOutliner' in 0.0003 seconds. Added 0 classes and 0 folders.
[2018.09.06-12.53.48:305][  0]LogLoad: (Engine Initialization) Total time: 60.10 seconds
[2018.09.06-12.53.48:305][  0]LogLoad: (Engine Initialization) Total Blueprint compile time: 0.00 seconds
[2018.09.06-12.53.48:358][  0]LogContentStreaming: Texture pool size now 3000 MB
[2018.09.06-12.53.48:411][  0]LogSlate: Took 0.016638 seconds to synchronously load lazily loaded font '../../../Engine/Content/Slate/Fonts/Roboto-Light.ttf' (167K)
[2018.09.06-12.53.48:465][  2]LogAssetRegistry: Asset discovery search completed in 51.3928 seconds
[2018.09.06-12.53.48:467][  2]LogCollectionManager: Rebuilt the object cache for 0 collections in 0.000001 seconds (found 0 objects)
[2018.09.06-12.53.48:467][  2]LogCollectionManager: Fixed up redirectors for 0 collections in 0.000070 seconds (updated 0 objects)
[2018.09.06-12.53.53:429][583]LogFileCache: Retrieving MD5 hashes for directory 'D:/GitHub/HoopBall2/Content/' took 5.09s
[2018.09.06-12.54.17:539][471]LogSlate: FSceneViewport::OnFocusLost() reason 0
[2018.09.06-12.54.17:656][485]LogTemp: Repeating last play command: New Editor Window (PIE)
[2018.09.06-12.54.17:673][485]LogBlueprintUserMessages: Early PlayInEditor Detection: Level '/Game/Map/Main/mainmenu.mainmenu:PersistentLevel' has LevelScriptBlueprint '/Game/Map/Main/mainmenu.mainmenu:PersistentLevel.mainmenu' with GeneratedClass '/Game/Map/Main/mainmenu.mainmenu_C' with ClassGeneratedBy '/Game/Map/Main/mainmenu.mainmenu:PersistentLevel.mainmenu'
[2018.09.06-12.54.17:674][485]LogPlayLevel: PlayLevel: No blueprints needed recompiling
[2018.09.06-12.54.17:685][485]PIE: New page: PIE session: mainmenu (6 Sep 2018 16:54:17)
[2018.09.06-12.54.17:686][485]LogPlayLevel: Creating play world package: /Game/Map/Main/UEDPIE_0_mainmenu
[2018.09.06-12.54.17:688][485]LogPlayLevel: PIE: StaticDuplicateObject took: (0.002152s)
[2018.09.06-12.54.17:688][485]LogAIModule: Creating AISystem for world mainmenu
[2018.09.06-12.54.17:689][485]LogPlayLevel: PIE: World Init took: (0.000739s)
[2018.09.06-12.54.17:689][485]LogPlayLevel: PIE: Created PIE world by copying editor world from /Game/Map/Main/mainmenu.mainmenu to /Game/Map/Main/UEDPIE_0_mainmenu.mainmenu (0.003034s)
[2018.09.06-12.54.17:720][485]LogInit: XAudio2 using 'Speakers (2- Realtek High Definition Audio)' : 2 channels at 48 kHz using 32 bits per sample (channel mask 0x3)
[2018.09.06-12.54.17:728][485]LogInit: FAudioDevice initialized.
[2018.09.06-12.54.17:739][485]LogSlate: Updating window title bar state: overlay mode, drag disabled, window buttons hidden, title bar hidden
[2018.09.06-12.54.17:799][485]LogLoad: Game class is 'GM_UI_Anim_C'
[2018.09.06-12.54.17:801][485]LogWorld: Bringing World /Game/Map/Main/UEDPIE_0_mainmenu.mainmenu up for play (max tick rate 0) at 2018.09.06-14.54.17
[2018.09.06-12.54.17:801][485]LogWorld: Bringing up level for play took: 0.000758
[2018.09.06-12.54.17:837][485]LogContentBrowser: Native class hierarchy updated for 'MovieSceneCapture' in 0.0004 seconds. Added 10 classes and 0 folders.
[2018.09.06-12.54.17:984][485]LogSlate: Updating window title bar state: overlay mode, drag disabled, window buttons hidden, title bar hidden
[2018.09.06-12.54.18:028][485]PIE: Play in editor start time for /Game/Map/Main/UEDPIE_0_mainmenu 1.218
[2018.09.06-12.54.18:028][485]LogBlueprintUserMessages: Late PlayInEditor Detection: Level '/Game/Map/Main/mainmenu.mainmenu:PersistentLevel' has LevelScriptBlueprint '/Game/Map/Main/mainmenu.mainmenu:PersistentLevel.mainmenu' with GeneratedClass '/Game/Map/Main/mainmenu.mainmenu_C' with ClassGeneratedBy '/Game/Map/Main/mainmenu.mainmenu:PersistentLevel.mainmenu'
[2018.09.06-12.54.18:062][485]LogRenderer: Reallocating scene render targets to support 872x676 Format 10 NumSamples 1 (Frame:1).
[2018.09.06-12.54.25:211][326]LogSlate: Updating window title bar state: overlay mode, drag disabled, window buttons hidden, title bar hidden
[2018.09.06-12.54.26:612][486]LogNet: Browse: /Game/Map/Main/Travel_Map
[2018.09.06-12.54.26:612][486]LogLoad: LoadMap: /Game/Map/Main/Travel_Map
[2018.09.06-12.54.27:077][486]LogAIModule: Creating AISystem for world Travel_Map
[2018.09.06-12.54.27:078][486]LogLoad: Game class is 'GameModeBase'
[2018.09.06-12.54.27:079][486]LogWorld: Bringing World /Game/Map/Main/UEDPIE_0_Travel_Map.Travel_Map up for play (max tick rate 0) at 2018.09.06-14.54.27
[2018.09.06-12.54.27:080][486]LogWorld: Bringing up level for play took: 0.001010
[2018.09.06-12.54.27:080][486]LogGameMode: FindPlayerStart: PATHS NOT DEFINED or NO PLAYERSTART with positive rating
[2018.09.06-12.54.27:094][486]LogLoad: Took 0.481873 seconds to LoadMap(/Game/Map/Main/Travel_Map)
[2018.09.06-12.54.29:210][738]LogNet: Browse: /Game/Map/Main/Main_Map
[2018.09.06-12.54.29:211][738]LogLoad: LoadMap: /Game/Map/Main/Main_Map
[2018.09.06-12.54.29:913][738]LogTexture: Display: Building textures: T_FireGradient (AutoDXT, 256X256)
[2018.09.06-12.54.29:913][738]LogTexture: Display: Building textures: ThumbnailTexture (DXT1, 512X512)
[2018.09.06-12.54.29:913][738]LogTexture: Display: Building textures: Rocks_1_2_normal (BC5, 2048X2048)
[2018.09.06-12.54.29:913][738]LogTexture: Display: Building textures: T_Dimpled_D (AutoDXT, 1024X1024)
[2018.09.06-12.54.30:192][738]LogTexture: Display: Building textures: Crystals_texture (AutoDXT, 2048X2048)
[2018.09.06-12.54.30:192][738]LogStaticMesh: Building static mesh Crystal_2...
[2018.09.06-12.54.30:195][738]LogStaticMesh: Built static mesh [0.02s] /Game/HandPaintedEnvironment/Assets/Models/Crystal_2.Crystal_2
[2018.09.06-12.54.37:257][738]LogTexture: Display: Building textures: T_FireNugget (AutoDXT, 256X256)
[2018.09.06-12.54.37:257][738]LogTexture: Display: Building textures: T_BlastFire (AutoDXT, 1024X1024)
[2018.09.06-12.54.37:257][738]LogTexture: Display: Building textures: ThumbnailTexture (DXT1, 512X512)
[2018.09.06-12.54.37:257][738]LogTexture: Display: Building textures: T_BlastWave (AutoDXT, 256X256)
[2018.09.06-12.54.37:257][738]LogTexture: Display: Building textures: Rocks_1_2_texture (AutoDXT, 2048X2048)
[2018.09.06-12.54.37:257][738]LogMaterial: Display: Missing cached shader map for material Crystals, compiling. 
[2018.09.06-12.54.37:286][738]LogMaterial: Display: Missing cached shader map for material M_Base, compiling. 
[2018.09.06-12.54.37:319][738]LogShaderCompilers: Display: Shaders left to compile 31
[2018.09.06-12.54.37:319][738]LogShaderCompilers: Display: Shaders left to compile 21
[2018.09.06-12.54.37:319][738]LogShaderCompilers: Display: Shaders left to compile 11
[2018.09.06-12.54.37:319][738]LogMaterial: Display: Missing cached shader map for material M_BlastWave, compiling. 
[2018.09.06-12.54.37:529][738]LogMaterial: Display: Missing cached shader map for material M_BlastSphere, compiling. 
[2018.09.06-12.54.37:546][738]LogMaterial: Display: Missing cached shader map for material M_FireNugget, compiling. 
[2018.09.06-12.54.37:564][738]LogAudioDerivedData: Display: Building compressed audio format OGG hash OGG wave Special___Powerup__6_...
[2018.09.06-12.54.37:564][738]LogTemp: Couldn't find amount to resample to.
[2018.09.06-12.54.37:595][738]LogAudioDerivedData: Display: Building compressed audio format OGG hash OGG wave Special___Powerup__4_...
[2018.09.06-12.54.37:595][738]LogTemp: Couldn't find amount to resample to.
[2018.09.06-12.54.37:632][738]LogMaterial: Display: Missing cached shader map for material Rocks_1_2, compiling. 
[2018.09.06-12.54.37:654][738]LogStaticMesh: Building static mesh Rock_2...
[2018.09.06-12.54.37:660][738]LogStaticMesh: Built static mesh [0.01s] /Game/HandPaintedEnvironment/Assets/Models/Rock_2.Rock_2
[2018.09.06-12.54.37:685][738]LogStaticMesh: Building static mesh Crystal_5...
[2018.09.06-12.54.37:687][738]LogStaticMesh: Built static mesh [0.00s] /Game/HandPaintedEnvironment/Assets/Models/Crystal_5.Crystal_5
[2018.09.06-12.54.37:745][738]LogMaterial: Display: Missing cached shader map for material M_Base, compiling. 
[2018.09.06-12.54.37:786][738]LogMaterial: Display: Missing cached shader map for material M_Blast, compiling. 
[2018.09.06-12.54.37:835][738]LogStaticMesh: Building static mesh SM_BlastSphere...
[2018.09.06-12.54.37:848][738]LogStaticMesh: Built static mesh [0.03s] /Game/Cartoony_Impact_-_Stylized_Particle_Simulation_1/Geometry/SM_BlastSphere.SM_BlastSphere
[2018.09.06-12.54.37:851][738]LogStaticMesh: Building static mesh SM_BlastFire...
[2018.09.06-12.54.37:857][738]LogStaticMesh: Built static mesh [0.01s] /Game/Cartoony_Impact_-_Stylized_Particle_Simulation_1/Geometry/SM_BlastFire.SM_BlastFire
[2018.09.06-12.54.37:863][738]LogAudioDerivedData: Display: Building compressed audio format OGG hash OGG wave Buzz_Error__1_...
[2018.09.06-12.54.37:863][738]LogTemp: Couldn't find amount to resample to.
[2018.09.06-12.54.38:056][738]LogAIModule: Creating AISystem for world Main_Map
[2018.09.06-12.54.38:056][738]LogLoad: Game class is 'BP_GameMode_C'
[2018.09.06-12.54.38:058][738]LogWorld: Bringing World /Game/Map/Main/UEDPIE_0_Main_Map.Main_Map up for play (max tick rate 0) at 2018.09.06-14.54.38
[2018.09.06-12.54.38:058][738]LogWorld: Bringing up level for play took: 0.001688
[2018.09.06-12.54.38:059][738]LogSpawn: Warning: SpawnActor failed because no class was specified
[2018.09.06-12.54.38:776][738]LogLoad: Took 9.565965 seconds to LoadMap(/Game/Map/Main/Main_Map)
[2018.09.06-12.54.39:724][773]LogShaderCompilers: Display: Shaders left to compile 285
[2018.09.06-12.54.40:743][801]LogShaderCompilers: Display: Shaders left to compile 275
[2018.09.06-12.54.41:393][845]LogShaderCompilers: Display: Shaders left to compile 265
[2018.09.06-12.54.42:097][888]LogShaderCompilers: Display: Shaders left to compile 255
[2018.09.06-12.54.42:713][926]LogShaderCompilers: Display: Shaders left to compile 245
[2018.09.06-12.54.45:140][ 89]LogShaderCompilers: Display: Shaders left to compile 235
[2018.09.06-12.54.45:532][125]LogShaderCompilers: Display: Shaders left to compile 225
[2018.09.06-12.54.46:097][139]LogShaderCompilers: Display: Shaders left to compile 215
[2018.09.06-12.54.48:387][217]LogShaderCompilers: Display: Shaders left to compile 205
[2018.09.06-12.54.49:021][242]LogShaderCompilers: Display: Shaders left to compile 195
[2018.09.06-12.54.50:040][257]LogShaderCompilers: Display: Shaders left to compile 185
[2018.09.06-12.54.50:601][271]LogShaderCompilers: Display: Shaders left to compile 175
[2018.09.06-12.54.51:702][316]LogShaderCompilers: Display: Shaders left to compile 165
[2018.09.06-12.54.53:019][406]LogShaderCompilers: Display: Shaders left to compile 155
[2018.09.06-12.54.53:104][409]LogShaderCompilers: Display: Shaders left to compile 145
[2018.09.06-12.54.54:417][465]LogShaderCompilers: Display: Shaders left to compile 135
[2018.09.06-12.54.54:643][480]LogScript: Warning: Script Msg: Attempted to access index 2 from array 'sound toplay' of length 2 in '/Game/MapBuilder/Spawns/BP_Hoop.BP_Hoop_C'!
[2018.09.06-12.54.56:015][576]LogShaderCompilers: Display: Shaders left to compile 125
[2018.09.06-12.54.56:049][579]LogShaderCompilers: Display: Shaders left to compile 115
[2018.09.06-12.54.57:947][690]LogShaderCompilers: Display: Shaders left to compile 105
[2018.09.06-12.54.58:865][707]LogShaderCompilers: Display: Shaders left to compile 95
[2018.09.06-12.54.59:298][738]LogShaderCompilers: Display: Shaders left to compile 85
[2018.09.06-12.55.00:406][782]LogShaderCompilers: Display: Shaders left to compile 75
[2018.09.06-12.55.00:579][787]LogShaderCompilers: Display: Shaders left to compile 65
[2018.09.06-12.55.01:658][834]LogShaderCompilers: Display: Shaders left to compile 55
[2018.09.06-12.55.04:380][ 47]LogShaderCompilers: Display: Shaders left to compile 45
[2018.09.06-12.55.05:148][ 86]LogShaderCompilers: Display: Shaders left to compile 35
[2018.09.06-12.55.05:692][114]LogShaderCompilers: Display: Shaders left to compile 25
[2018.09.06-12.55.06:461][143]LogShaderCompilers: Display: Shaders left to compile 15
[2018.09.06-12.55.07:914][197]LogShaderCompilers: Display: Shaders left to compile 5
[2018.09.06-12.55.09:392][306]LogSlate: Window 'HoopBall Game Preview Standalone (64-bit/PCD3D_SM5)' being destroyed
[2018.09.06-12.55.09:394][306]LogBlueprintUserMessages: Early EndPlayMap Detection: Level '/Game/Map/Main/mainmenu.mainmenu:PersistentLevel' has LevelScriptBlueprint '/Game/Map/Main/mainmenu.mainmenu:PersistentLevel.mainmenu' with GeneratedClass '/Game/Map/Main/mainmenu.mainmenu_C' with ClassGeneratedBy '/Game/Map/Main/mainmenu.mainmenu:PersistentLevel.mainmenu'
[2018.09.06-12.55.09:428][306]LogPlayLevel: Display: Shutting down PIE online subsystems
[2018.09.06-12.55.09:428][306]LogBlueprintUserMessages: Late EndPlayMap Detection: Level '/Game/Map/Main/mainmenu.mainmenu:PersistentLevel' has LevelScriptBlueprint '/Game/Map/Main/mainmenu.mainmenu:PersistentLevel.mainmenu' with GeneratedClass '/Game/Map/Main/mainmenu.mainmenu_C' with ClassGeneratedBy '/Game/Map/Main/mainmenu.mainmenu:PersistentLevel.mainmenu'
[2018.09.06-12.55.09:479][307]LogPlayLevel: Display: Destroying online subsystem :Context_1
[2018.09.06-12.55.39:655][918]LogTemp: Repeating last play command: New Editor Window (PIE)
[2018.09.06-12.55.39:673][918]LogBlueprintUserMessages: Early PlayInEditor Detection: Level '/Game/Map/Main/mainmenu.mainmenu:PersistentLevel' has LevelScriptBlueprint '/Game/Map/Main/mainmenu.mainmenu:PersistentLevel.mainmenu' with GeneratedClass '/Game/Map/Main/mainmenu.mainmenu_C' with ClassGeneratedBy '/Game/Map/Main/mainmenu.mainmenu:PersistentLevel.mainmenu'
[2018.09.06-12.55.39:673][918]LogPlayLevel: PlayLevel: No blueprints needed recompiling
[2018.09.06-12.55.39:673][918]PIE: New page: PIE session: mainmenu (6 Sep 2018 16:55:39)
[2018.09.06-12.55.39:676][918]LogPlayLevel: Creating play world package: /Game/Map/Main/UEDPIE_0_mainmenu
[2018.09.06-12.55.39:678][918]LogPlayLevel: PIE: StaticDuplicateObject took: (0.002031s)
[2018.09.06-12.55.39:679][918]LogAIModule: Creating AISystem for world mainmenu
[2018.09.06-12.55.39:679][918]LogPlayLevel: PIE: World Init took: (0.000722s)
[2018.09.06-12.55.39:679][918]LogPlayLevel: PIE: Created PIE world by copying editor world from /Game/Map/Main/mainmenu.mainmenu to /Game/Map/Main/UEDPIE_0_mainmenu.mainmenu (0.002880s)
[2018.09.06-12.55.39:710][918]LogInit: XAudio2 using 'Speakers (2- Realtek High Definition Audio)' : 2 channels at 48 kHz using 32 bits per sample (channel mask 0x3)
[2018.09.06-12.55.39:718][918]LogInit: FAudioDevice initialized.
[2018.09.06-12.55.39:729][918]LogSlate: Updating window title bar state: overlay mode, drag disabled, window buttons hidden, title bar hidden
[2018.09.06-12.55.39:777][918]LogLoad: Game class is 'GM_UI_Anim_C'
[2018.09.06-12.55.39:778][918]LogWorld: Bringing World /Game/Map/Main/UEDPIE_0_mainmenu.mainmenu up for play (max tick rate 0) at 2018.09.06-14.55.39
[2018.09.06-12.55.39:778][918]LogWorld: Bringing up level for play took: 0.000560
[2018.09.06-12.55.39:798][918]LogSlate: Updating window title bar state: overlay mode, drag disabled, window buttons hidden, title bar hidden
[2018.09.06-12.55.39:808][918]PIE: Play in editor start time for /Game/Map/Main/UEDPIE_0_mainmenu 0.998
[2018.09.06-12.55.39:809][918]LogBlueprintUserMessages: Late PlayInEditor Detection: Level '/Game/Map/Main/mainmenu.mainmenu:PersistentLevel' has LevelScriptBlueprint '/Game/Map/Main/mainmenu.mainmenu:PersistentLevel.mainmenu' with GeneratedClass '/Game/Map/Main/mainmenu.mainmenu_C' with ClassGeneratedBy '/Game/Map/Main/mainmenu.mainmenu:PersistentLevel.mainmenu'
[2018.09.06-12.55.42:406][218]LogSlate: Updating window title bar state: overlay mode, drag disabled, window buttons hidden, title bar hidden
[2018.09.06-12.55.43:587][356]LogNet: Browse: /Game/Map/Main/Travel_Map
[2018.09.06-12.55.43:587][356]LogLoad: LoadMap: /Game/Map/Main/Travel_Map
[2018.09.06-12.55.43:651][356]LogAIModule: Creating AISystem for world Travel_Map
[2018.09.06-12.55.43:651][356]LogLoad: Game class is 'GameModeBase'
[2018.09.06-12.55.43:652][356]LogWorld: Bringing World /Game/Map/Main/UEDPIE_0_Travel_Map.Travel_Map up for play (max tick rate 0) at 2018.09.06-14.55.43
[2018.09.06-12.55.43:652][356]LogWorld: Bringing up level for play took: 0.000817
[2018.09.06-12.55.43:653][356]LogGameMode: FindPlayerStart: PATHS NOT DEFINED or NO PLAYERSTART with positive rating
[2018.09.06-12.55.43:654][356]LogLoad: Took 0.066632 seconds to LoadMap(/Game/Map/Main/Travel_Map)
[2018.09.06-12.55.44:517][458]LogNet: Browse: /Game/Map/Main/Main_Map
[2018.09.06-12.55.44:517][458]LogLoad: LoadMap: /Game/Map/Main/Main_Map
[2018.09.06-12.55.44:853][458]LogAIModule: Creating AISystem for world Main_Map
[2018.09.06-12.55.44:853][458]LogLoad: Game class is 'BP_GameMode_C'
[2018.09.06-12.55.44:855][458]LogWorld: Bringing World /Game/Map/Main/UEDPIE_0_Main_Map.Main_Map up for play (max tick rate 0) at 2018.09.06-14.55.44
[2018.09.06-12.55.44:855][458]LogWorld: Bringing up level for play took: 0.001415
[2018.09.06-12.55.44:856][458]LogSpawn: Warning: SpawnActor failed because no class was specified
[2018.09.06-12.55.44:879][458]LogLoad: Took 0.362248 seconds to LoadMap(/Game/Map/Main/Main_Map)
[2018.09.06-12.55.57:908][939]LogScript: Warning: Script Msg: Attempted to access index 2 from array 'sound toplay' of length 2 in '/Game/MapBuilder/Spawns/BP_Hoop.BP_Hoop_C'!
[2018.09.06-12.56.01:855][391]LogScript: Warning: Script Msg: Attempted to access index 2 from array 'sound toplay' of length 2 in '/Game/MapBuilder/Spawns/BP_Hoop.BP_Hoop_C'!
[2018.09.06-12.56.04:129][651]LogScript: Warning: Script Msg: Attempted to access index 2 from array 'sound toplay' of length 2 in '/Game/MapBuilder/Spawns/BP_Hoop.BP_Hoop_C'!
[2018.09.06-12.56.09:344][248]LogNet: Browse: /Game/Map/Main/Travel_Map
[2018.09.06-12.56.09:345][248]LogLoad: LoadMap: /Game/Map/Main/Travel_Map
[2018.09.06-12.56.09:412][248]LogAIModule: Creating AISystem for world Travel_Map
[2018.09.06-12.56.09:413][248]LogLoad: Game class is 'GameModeBase'
[2018.09.06-12.56.09:414][248]LogWorld: Bringing World /Game/Map/Main/UEDPIE_0_Travel_Map.Travel_Map up for play (max tick rate 0) at 2018.09.06-14.56.09
[2018.09.06-12.56.09:414][248]LogWorld: Bringing up level for play took: 0.000709
[2018.09.06-12.56.09:414][248]LogGameMode: FindPlayerStart: PATHS NOT DEFINED or NO PLAYERSTART with positive rating
[2018.09.06-12.56.09:416][248]LogLoad: Took 0.070849 seconds to LoadMap(/Game/Map/Main/Travel_Map)
[2018.09.06-12.56.12:269][589]LogNet: Browse: /Game/Map/Main/mainmenu
[2018.09.06-12.56.12:269][589]LogLoad: LoadMap: /Game/Map/Main/mainmenu
[2018.09.06-12.56.12:294][589]LogPlayLevel: Creating play world package: /Game/Map/Main/UEDPIE_0_mainmenu
[2018.09.06-12.56.12:296][589]LogPlayLevel: PIE: StaticDuplicateObject took: (0.001996s)
[2018.09.06-12.56.12:296][589]LogAIModule: Creating AISystem for world mainmenu
[2018.09.06-12.56.12:296][589]LogPlayLevel: PIE: World Init took: (0.000642s)
[2018.09.06-12.56.12:296][589]LogPlayLevel: PIE: Created PIE world by copying editor world from /Game/Map/Main/mainmenu.mainmenu to /Game/Map/Main/UEDPIE_0_mainmenu.mainmenu (0.002817s)
[2018.09.06-12.56.12:296][589]LogLoad: Game class is 'GM_UI_Anim_C'
[2018.09.06-12.56.12:297][589]LogWorld: Bringing World /Game/Map/Main/UEDPIE_0_mainmenu.mainmenu up for play (max tick rate 0) at 2018.09.06-14.56.12
[2018.09.06-12.56.12:298][589]LogWorld: Bringing up level for play took: 0.000561
[2018.09.06-12.56.12:298][589]LogGameMode: FindPlayerStart: PATHS NOT DEFINED or NO PLAYERSTART with positive rating
[2018.09.06-12.56.12:326][589]LogSlate: Updating window title bar state: overlay mode, drag disabled, window buttons hidden, title bar hidden
[2018.09.06-12.56.12:334][589]LogLoad: Took 0.065421 seconds to LoadMap(/Game/Map/Main/UEDPIE_0_mainmenu)
[2018.09.06-12.56.19:224][406]LogSlate: Updating window title bar state: overlay mode, drag disabled, window buttons hidden, title bar hidden
[2018.09.06-12.56.19:224][406]LogBlueprintUserMessages: Early EndPlayMap Detection: Level '/Game/Map/Main/mainmenu.mainmenu:PersistentLevel' has LevelScriptBlueprint '/Game/Map/Main/mainmenu.mainmenu:PersistentLevel.mainmenu' with GeneratedClass '/Game/Map/Main/mainmenu.mainmenu_C' with ClassGeneratedBy '/Game/Map/Main/mainmenu.mainmenu:PersistentLevel.mainmenu'
[2018.09.06-12.56.19:241][406]LogSlate: Window 'HoopBall Game Preview Standalone (64-bit/PCD3D_SM5)' being destroyed
[2018.09.06-12.56.19:268][406]LogPlayLevel: Display: Shutting down PIE online subsystems
[2018.09.06-12.56.19:269][406]LogBlueprintUserMessages: Late EndPlayMap Detection: Level '/Game/Map/Main/mainmenu.mainmenu:PersistentLevel' has LevelScriptBlueprint '/Game/Map/Main/mainmenu.mainmenu:PersistentLevel.mainmenu' with GeneratedClass '/Game/Map/Main/mainmenu.mainmenu_C' with ClassGeneratedBy '/Game/Map/Main/mainmenu.mainmenu:PersistentLevel.mainmenu'
[2018.09.06-12.56.19:326][408]LogPlayLevel: Display: Destroying online subsystem :Context_2
[2018.09.06-12.57.03:840][749]LogTemp: Repeating last play command: New Editor Window (PIE)
[2018.09.06-12.57.03:859][749]LogBlueprintUserMessages: Early PlayInEditor Detection: Level '/Game/Map/Main/mainmenu.mainmenu:PersistentLevel' has LevelScriptBlueprint '/Game/Map/Main/mainmenu.mainmenu:PersistentLevel.mainmenu' with GeneratedClass '/Game/Map/Main/mainmenu.mainmenu_C' with ClassGeneratedBy '/Game/Map/Main/mainmenu.mainmenu:PersistentLevel.mainmenu'
[2018.09.06-12.57.03:859][749]LogPlayLevel: PlayLevel: No blueprints needed recompiling
[2018.09.06-12.57.03:859][749]PIE: New page: PIE session: mainmenu (6 Sep 2018 16:57:03)
[2018.09.06-12.57.03:863][749]LogPlayLevel: Creating play world package: /Game/Map/Main/UEDPIE_0_mainmenu
[2018.09.06-12.57.03:865][749]LogPlayLevel: PIE: StaticDuplicateObject took: (0.002123s)
[2018.09.06-12.57.03:865][749]LogAIModule: Creating AISystem for world mainmenu
[2018.09.06-12.57.03:866][749]LogPlayLevel: PIE: World Init took: (0.000810s)
[2018.09.06-12.57.03:866][749]LogPlayLevel: PIE: Created PIE world by copying editor world from /Game/Map/Main/mainmenu.mainmenu to /Game/Map/Main/UEDPIE_0_mainmenu.mainmenu (0.003090s)
[2018.09.06-12.57.03:896][749]LogInit: XAudio2 using 'Speakers (2- Realtek High Definition Audio)' : 2 channels at 48 kHz using 32 bits per sample (channel mask 0x3)
[2018.09.06-12.57.03:904][749]LogInit: FAudioDevice initialized.
[2018.09.06-12.57.03:915][749]LogSlate: Updating window title bar state: overlay mode, drag disabled, window buttons hidden, title bar hidden
[2018.09.06-12.57.03:980][749]LogLoad: Game class is 'GM_UI_Anim_C'
[2018.09.06-12.57.03:982][749]LogWorld: Bringing World /Game/Map/Main/UEDPIE_0_mainmenu.mainmenu up for play (max tick rate 0) at 2018.09.06-14.57.03
[2018.09.06-12.57.03:982][749]LogWorld: Bringing up level for play took: 0.000763
[2018.09.06-12.57.04:005][749]LogSlate: Updating window title bar state: overlay mode, drag disabled, window buttons hidden, title bar hidden
[2018.09.06-12.57.04:018][749]PIE: Play in editor start time for /Game/Map/Main/UEDPIE_0_mainmenu -0.793
[2018.09.06-12.57.04:018][749]LogBlueprintUserMessages: Late PlayInEditor Detection: Level '/Game/Map/Main/mainmenu.mainmenu:PersistentLevel' has LevelScriptBlueprint '/Game/Map/Main/mainmenu.mainmenu:PersistentLevel.mainmenu' with GeneratedClass '/Game/Map/Main/mainmenu.mainmenu_C' with ClassGeneratedBy '/Game/Map/Main/mainmenu.mainmenu:PersistentLevel.mainmenu'
[2018.09.06-12.57.07:959][208]LogSlate: Updating window title bar state: overlay mode, drag disabled, window buttons hidden, title bar hidden
[2018.09.06-12.57.09:552][395]LogNet: Browse: /Game/Map/Main/Travel_Map
[2018.09.06-12.57.09:552][395]LogLoad: LoadMap: /Game/Map/Main/Travel_Map
[2018.09.06-12.57.09:614][395]LogAIModule: Creating AISystem for world Travel_Map
[2018.09.06-12.57.09:615][395]LogLoad: Game class is 'GameModeBase'
[2018.09.06-12.57.09:616][395]LogWorld: Bringing World /Game/Map/Main/UEDPIE_0_Travel_Map.Travel_Map up for play (max tick rate 0) at 2018.09.06-14.57.09
[2018.09.06-12.57.09:616][395]LogWorld: Bringing up level for play took: 0.000811
[2018.09.06-12.57.09:617][395]LogGameMode: FindPlayerStart: PATHS NOT DEFINED or NO PLAYERSTART with positive rating
[2018.09.06-12.57.09:618][395]LogLoad: Took 0.065868 seconds to LoadMap(/Game/Map/Main/Travel_Map)
[2018.09.06-12.57.10:460][495]LogNet: Browse: /Game/Map/Main/Main_Map
[2018.09.06-12.57.10:460][495]LogLoad: LoadMap: /Game/Map/Main/Main_Map
[2018.09.06-12.57.10:798][495]LogAIModule: Creating AISystem for world Main_Map
[2018.09.06-12.57.10:799][495]LogLoad: Game class is 'BP_GameMode_C'
[2018.09.06-12.57.10:801][495]LogWorld: Bringing World /Game/Map/Main/UEDPIE_0_Main_Map.Main_Map up for play (max tick rate 0) at 2018.09.06-14.57.10
[2018.09.06-12.57.10:801][495]LogWorld: Bringing up level for play took: 0.001496
[2018.09.06-12.57.10:802][495]LogSpawn: Warning: SpawnActor failed because no class was specified
[2018.09.06-12.57.10:825][495]LogLoad: Took 0.365342 seconds to LoadMap(/Game/Map/Main/Main_Map)
[2018.09.06-12.57.28:593][530]LogScript: Warning: Script Msg: Attempted to access index 2 from array 'sound toplay' of length 2 in '/Game/MapBuilder/Spawns/BP_Hoop.BP_Hoop_C'!
[2018.09.06-12.57.35:434][317]LogNet: Browse: /Game/Map/Main/Main_Map
[2018.09.06-12.57.35:434][317]LogLoad: LoadMap: /Game/Map/Main/Main_Map
[2018.09.06-12.57.35:773][317]LogAIModule: Creating AISystem for world Main_Map
[2018.09.06-12.57.35:773][317]LogLoad: Game class is 'BP_GameMode_C'
[2018.09.06-12.57.35:775][317]LogWorld: Bringing World /Game/Map/Main/UEDPIE_0_Main_Map.Main_Map up for play (max tick rate 0) at 2018.09.06-14.57.35
[2018.09.06-12.57.35:775][317]LogWorld: Bringing up level for play took: 0.001363
[2018.09.06-12.57.35:776][317]LogSpawn: Warning: SpawnActor failed because no class was specified
[2018.09.06-12.57.35:804][317]LogLoad: Took 0.369950 seconds to LoadMap(/Game/Map/Main/Main_Map)
[2018.09.06-12.57.45:181][394]LogScript: Warning: Script Msg: Attempted to access index 2 from array 'sound toplay' of length 2 in '/Game/MapBuilder/Spawns/BP_Hoop.BP_Hoop_C'!
[2018.09.06-12.57.52:612][238]LogScript: Warning: Script Msg: Attempted to access index 2 from array 'sound toplay' of length 2 in '/Game/MapBuilder/Spawns/BP_Hoop.BP_Hoop_C'!
[2018.09.06-12.57.53:236][307]LogScript: Warning: Script Msg: Attempted to access index 2 from array 'sound toplay' of length 2 in '/Game/MapBuilder/Spawns/BP_Hoop.BP_Hoop_C'!
[2018.09.06-12.57.58:692][921]LogNet: Browse: /Game/Map/Main/Main_Map
[2018.09.06-12.57.58:693][921]LogLoad: LoadMap: /Game/Map/Main/Main_Map
[2018.09.06-12.57.59:030][921]LogAIModule: Creating AISystem for world Main_Map
[2018.09.06-12.57.59:030][921]LogLoad: Game class is 'BP_GameMode_C'
[2018.09.06-12.57.59:032][921]LogWorld: Bringing World /Game/Map/Main/UEDPIE_0_Main_Map.Main_Map up for play (max tick rate 0) at 2018.09.06-14.57.59
[2018.09.06-12.57.59:033][921]LogWorld: Bringing up level for play took: 0.001717
[2018.09.06-12.57.59:033][921]LogSpawn: Warning: SpawnActor failed because no class was specified
[2018.09.06-12.57.59:064][921]LogLoad: Took 0.370860 seconds to LoadMap(/Game/Map/Main/Main_Map)
[2018.09.06-12.58.08:116][947]LogScript: Warning: Script Msg: Attempted to access index 2 from array 'sound toplay' of length 2 in '/Game/MapBuilder/Spawns/BP_Hoop.BP_Hoop_C'!
[2018.09.06-12.58.09:455][102]LogScript: Warning: Script Msg: Attempted to access index 2 from array 'sound toplay' of length 2 in '/Game/MapBuilder/Spawns/BP_Hoop.BP_Hoop_C'!
[2018.09.06-12.58.11:471][329]LogScript: Warning: Script Msg: Attempted to access index 2 from array 'sound toplay' of length 2 in '/Game/MapBuilder/Spawns/BP_Hoop.BP_Hoop_C'!
[2018.09.06-12.58.13:761][591]LogScript: Warning: Script Msg: Attempted to access index 2 from array 'sound toplay' of length 2 in '/Game/MapBuilder/Spawns/BP_Hoop.BP_Hoop_C'!
[2018.09.06-12.58.14:415][666]LogScript: Warning: Script Msg: Attempted to access index 2 from array 'sound toplay' of length 2 in '/Game/MapBuilder/Spawns/BP_Hoop.BP_Hoop_C'!
[2018.09.06-12.58.31:984][680]LogNet: Browse: /Game/Map/Main/Main_Map
[2018.09.06-12.58.31:984][680]LogLoad: LoadMap: /Game/Map/Main/Main_Map
[2018.09.06-12.58.32:325][680]LogAIModule: Creating AISystem for world Main_Map
[2018.09.06-12.58.32:326][680]LogLoad: Game class is 'BP_GameMode_C'
[2018.09.06-12.58.32:328][680]LogWorld: Bringing World /Game/Map/Main/UEDPIE_0_Main_Map.Main_Map up for play (max tick rate 0) at 2018.09.06-14.58.32
[2018.09.06-12.58.32:328][680]LogWorld: Bringing up level for play took: 0.001387
[2018.09.06-12.58.32:329][680]LogSpawn: Warning: SpawnActor failed because no class was specified
[2018.09.06-12.58.32:361][680]LogLoad: Took 0.376732 seconds to LoadMap(/Game/Map/Main/Main_Map)
[2018.09.06-12.58.41:985][784]LogScript: Warning: Script Msg: Attempted to access index 2 from array 'sound toplay' of length 2 in '/Game/MapBuilder/Spawns/BP_Hoop.BP_Hoop_C'!
[2018.09.06-12.58.47:805][440]LogScript: Warning: Script Msg: Attempted to access index 2 from array 'sound toplay' of length 2 in '/Game/MapBuilder/Spawns/BP_Hoop.BP_Hoop_C'!
[2018.09.06-12.58.56:479][423]LogSlate: Window 'HoopBall Game Preview Standalone (64-bit/PCD3D_SM5)' being destroyed
[2018.09.06-12.58.56:481][423]LogBlueprintUserMessages: Early EndPlayMap Detection: Level '/Game/Map/Main/mainmenu.mainmenu:PersistentLevel' has LevelScriptBlueprint '/Game/Map/Main/mainmenu.mainmenu:PersistentLevel.mainmenu' with GeneratedClass '/Game/Map/Main/mainmenu.mainmenu_C' with ClassGeneratedBy '/Game/Map/Main/mainmenu.mainmenu:PersistentLevel.mainmenu'
[2018.09.06-12.58.56:511][423]LogPlayLevel: Display: Shutting down PIE online subsystems
[2018.09.06-12.58.56:511][423]LogBlueprintUserMessages: Late EndPlayMap Detection: Level '/Game/Map/Main/mainmenu.mainmenu:PersistentLevel' has LevelScriptBlueprint '/Game/Map/Main/mainmenu.mainmenu:PersistentLevel.mainmenu' with GeneratedClass '/Game/Map/Main/mainmenu.mainmenu_C' with ClassGeneratedBy '/Game/Map/Main/mainmenu.mainmenu:PersistentLevel.mainmenu'
[2018.09.06-12.58.56:570][426]LogPlayLevel: Display: Destroying online subsystem :Context_3
[2018.09.06-12.59.19:259][122]LogSlate: Took 0.000286 seconds to synchronously load lazily loaded font '../../../Engine/Content/Slate/Fonts/Roboto-Light.ttf' (167K)
[2018.09.06-12.59.19:265][122]LogAssetEditorManager: Opening Asset editor for Blueprint /Game/MapBuilder/BP_Builder.BP_Builder
[2018.09.06-12.59.19:960][122]LogContentBrowser: Native class hierarchy updated for 'BlueprintGraph' in 0.0008 seconds. Added 116 classes and 0 folders.
[2018.09.06-12.59.21:238][122]LogSlate: Took 0.000647 seconds to synchronously load lazily loaded font '../../../Engine/Content/Slate/Fonts/Roboto-BoldCondensed.ttf' (158K)
[2018.09.06-12.59.21:466][123]LogSlate: Took 0.000753 seconds to synchronously load lazily loaded font '../../../Engine/Content/Slate/Fonts/Roboto-Italic.ttf' (157K)
[2018.09.06-13.05.21:143][265]BlueprintLog: New page: Compile BP_Builder
[2018.09.06-13.05.21:881][299]Cmd: OBJ SAVEPACKAGE PACKAGE="/Game/MapBuilder/BP_Builder" FILE="../../../../../GitHub/HoopBall2/Content/MapBuilder/BP_Builder.uasset" SILENT=true
[2018.09.06-13.05.21:919][299]LogSavePackage: Moving '../../../../../GitHub/HoopBall2/Saved/BP_Builder50929070426CC3AA7CA15EAEBA142BEA.tmp' to '../../../../../GitHub/HoopBall2/Content/MapBuilder/BP_Builder.uasset'
[2018.09.06-13.05.31:144][191]LogAssetEditorManager: Opening Asset editor for Blueprint /Game/MapBuilder/Templates/BP_Wall_Base.BP_Wall_Base
[2018.09.06-13.05.59:153][428]Cmd: OBJ SAVEPACKAGE PACKAGE="/Game/MapBuilder/Templates/BP_Wall_Base" FILE="../../../../../GitHub/HoopBall2/Content/MapBuilder/Templates/BP_Wall_Base.uasset" SILENT=true
[2018.09.06-13.05.59:223][428]LogSavePackage: Moving '../../../../../GitHub/HoopBall2/Saved/BP_Wall_BaseF14B008D46A4F1D1D43B35981019325F.tmp' to '../../../../../GitHub/HoopBall2/Content/MapBuilder/Templates/BP_Wall_Base.uasset'
[2018.09.06-13.06.01:555][697]LogTemp: Repeating last play command: New Editor Window (PIE)
[2018.09.06-13.06.01:573][697]LogBlueprintUserMessages: Early PlayInEditor Detection: Level '/Game/Map/Main/mainmenu.mainmenu:PersistentLevel' has LevelScriptBlueprint '/Game/Map/Main/mainmenu.mainmenu:PersistentLevel.mainmenu' with GeneratedClass '/Game/Map/Main/mainmenu.mainmenu_C' with ClassGeneratedBy '/Game/Map/Main/mainmenu.mainmenu:PersistentLevel.mainmenu'
[2018.09.06-13.06.01:573][697]LogPlayLevel: PlayLevel: No blueprints needed recompiling
[2018.09.06-13.06.01:573][697]PIE: New page: PIE session: mainmenu (6 Sep 2018 17:06:01)
[2018.09.06-13.06.01:577][697]LogPlayLevel: Creating play world package: /Game/Map/Main/UEDPIE_0_mainmenu
[2018.09.06-13.06.01:579][697]LogPlayLevel: PIE: StaticDuplicateObject took: (0.002264s)
[2018.09.06-13.06.01:580][697]LogAIModule: Creating AISystem for world mainmenu
[2018.09.06-13.06.01:580][697]LogPlayLevel: PIE: World Init took: (0.000730s)
[2018.09.06-13.06.01:580][697]LogPlayLevel: PIE: Created PIE world by copying editor world from /Game/Map/Main/mainmenu.mainmenu to /Game/Map/Main/UEDPIE_0_mainmenu.mainmenu (0.003142s)
[2018.09.06-13.06.01:619][697]LogInit: XAudio2 using 'Speakers (2- Realtek High Definition Audio)' : 2 channels at 48 kHz using 32 bits per sample (channel mask 0x3)
[2018.09.06-13.06.01:626][697]LogInit: FAudioDevice initialized.
[2018.09.06-13.06.01:637][697]LogSlate: Updating window title bar state: overlay mode, drag disabled, window buttons hidden, title bar hidden
[2018.09.06-13.06.01:699][697]LogLoad: Game class is 'GM_UI_Anim_C'
[2018.09.06-13.06.01:701][697]LogWorld: Bringing World /Game/Map/Main/UEDPIE_0_mainmenu.mainmenu up for play (max tick rate 0) at 2018.09.06-15.06.01
[2018.09.06-13.06.01:701][697]LogWorld: Bringing up level for play took: 0.000577
[2018.09.06-13.06.01:722][697]LogSlate: Updating window title bar state: overlay mode, drag disabled, window buttons hidden, title bar hidden
[2018.09.06-13.06.01:733][697]PIE: Play in editor start time for /Game/Map/Main/UEDPIE_0_mainmenu 0.918
[2018.09.06-13.06.01:733][697]LogBlueprintUserMessages: Late PlayInEditor Detection: Level '/Game/Map/Main/mainmenu.mainmenu:PersistentLevel' has LevelScriptBlueprint '/Game/Map/Main/mainmenu.mainmenu:PersistentLevel.mainmenu' with GeneratedClass '/Game/Map/Main/mainmenu.mainmenu_C' with ClassGeneratedBy '/Game/Map/Main/mainmenu.mainmenu:PersistentLevel.mainmenu'
[2018.09.06-13.06.02:929][816]LogSlate: Updating window title bar state: overlay mode, drag disabled, window buttons hidden, title bar hidden
[2018.09.06-13.06.03:916][932]LogNet: Browse: /Game/Map/Main/Travel_Map
[2018.09.06-13.06.03:916][932]LogLoad: LoadMap: /Game/Map/Main/Travel_Map
[2018.09.06-13.06.03:989][932]LogAIModule: Creating AISystem for world Travel_Map
[2018.09.06-13.06.03:990][932]LogLoad: Game class is 'GameModeBase'
[2018.09.06-13.06.03:991][932]LogWorld: Bringing World /Game/Map/Main/UEDPIE_0_Travel_Map.Travel_Map up for play (max tick rate 0) at 2018.09.06-15.06.03
[2018.09.06-13.06.03:991][932]LogWorld: Bringing up level for play took: 0.000694
[2018.09.06-13.06.03:992][932]LogGameMode: FindPlayerStart: PATHS NOT DEFINED or NO PLAYERSTART with positive rating
[2018.09.06-13.06.03:993][932]LogLoad: Took 0.076564 seconds to LoadMap(/Game/Map/Main/Travel_Map)
[2018.09.06-13.06.04:977][ 38]LogNet: Browse: /Game/Map/Main/Main_Map
[2018.09.06-13.06.04:978][ 38]LogLoad: LoadMap: /Game/Map/Main/Main_Map
[2018.09.06-13.06.05:327][ 38]LogAIModule: Creating AISystem for world Main_Map
[2018.09.06-13.06.05:327][ 38]LogLoad: Game class is 'BP_GameMode_C'
[2018.09.06-13.06.05:329][ 38]LogWorld: Bringing World /Game/Map/Main/UEDPIE_0_Main_Map.Main_Map up for play (max tick rate 0) at 2018.09.06-15.06.05
[2018.09.06-13.06.05:329][ 38]LogWorld: Bringing up level for play took: 0.001524
[2018.09.06-13.06.05:330][ 38]LogSpawn: Warning: SpawnActor failed because no class was specified
[2018.09.06-13.06.05:356][ 38]LogLoad: Took 0.378901 seconds to LoadMap(/Game/Map/Main/Main_Map)
[2018.09.06-13.06.20:507][807]LogScript: Warning: Script Msg: Attempted to access index 2 from array 'sound toplay' of length 2 in '/Game/MapBuilder/Spawns/BP_Hoop.BP_Hoop_C'!
[2018.09.06-13.06.27:568][635]LogSlate: Window 'HoopBall Game Preview Standalone (64-bit/PCD3D_SM5)' being destroyed
[2018.09.06-13.06.27:570][635]LogBlueprintUserMessages: Early EndPlayMap Detection: Level '/Game/Map/Main/mainmenu.mainmenu:PersistentLevel' has LevelScriptBlueprint '/Game/Map/Main/mainmenu.mainmenu:PersistentLevel.mainmenu' with GeneratedClass '/Game/Map/Main/mainmenu.mainmenu_C' with ClassGeneratedBy '/Game/Map/Main/mainmenu.mainmenu:PersistentLevel.mainmenu'
[2018.09.06-13.06.27:601][635]LogPlayLevel: Display: Shutting down PIE online subsystems
[2018.09.06-13.06.27:602][635]LogBlueprintUserMessages: Late EndPlayMap Detection: Level '/Game/Map/Main/mainmenu.mainmenu:PersistentLevel' has LevelScriptBlueprint '/Game/Map/Main/mainmenu.mainmenu:PersistentLevel.mainmenu' with GeneratedClass '/Game/Map/Main/mainmenu.mainmenu_C' with ClassGeneratedBy '/Game/Map/Main/mainmenu.mainmenu:PersistentLevel.mainmenu'
[2018.09.06-13.06.27:659][637]LogPlayLevel: Display: Destroying online subsystem :Context_9
[2018.09.06-13.21.58:944][810]LogDirectoryWatcher: Warning: Failed to begin reading directory changes for ../../../../../GitHub/HoopBall2/Plugins/. Error: The system cannot find the file specified. (0x00000002)
[2018.09.06-13.22.02:767][251]LogSlate: Window 'Plugins' being destroyed
[2018.09.06-13.22.02:769][251]LogSlate: Window 'Plugins' being destroyed
[2018.09.06-13.22.02:769][251]LogDirectoryWatcher: A directory notification for '../../../Engine/Plugins/' was aborted.
[2018.09.06-13.22.15:346][343]LogSlate: Only BGRA pngs, bmps or icos are supported in by External Image Picker
[2018.09.06-13.22.15:481][345]LogTemp: Executing iPhonePackager certificates Engine -bundlename com.YourCompany.HoopBall
[2018.09.06-13.22.15:481][345]LogTemp: CWD: D:\Epic Games\UE_4.20\Engine\Binaries\DotNET\IOS
[2018.09.06-13.22.15:481][345]LogTemp: Initial Dir: D:\Epic Games\UE_4.20
[2018.09.06-13.22.15:481][345]LogTemp: Env CWD: D:\Epic Games\UE_4.20\Engine\Binaries\DotNET\IOS
[2018.09.06-13.22.15:485][345]LogTemp: BranchPath = UNCLEGRABBY-PC/D/Epic Games/UE_4.20/Engine/Binaries --- GameBranchPath = UNCLEGRABBY-PC/D/Epic Games/UE_4.20/Engine/Binaries
[2018.09.06-13.22.15:498][345]LogTemp: IPP ERROR: Could not find provision directory 'C:\Users\UncleGrabby\AppData\Local/Apple Computer/MobileDevice/Provisioning Profiles/'.
[2018.09.06-13.40.11:665][873]LogAssetEditorManager: Opening Asset editor for Blueprint /Game/Blueprints/BP_AdNetworks.BP_AdNetworks
[2018.09.06-13.40.27:621][851]LogSlate: Window 'Project Settings' being destroyed
[2018.09.06-13.40.27:624][851]LogSlate: Window 'Project Settings' being destroyed
[2018.09.06-13.41.12:640][889]Cmd: OBJ SAVEPACKAGE PACKAGE="/Game/Map/Main/mainmenu" FILE="../../../../../GitHub/HoopBall2/Saved/Autosaves/Game/Map/Main/mainmenu_Auto1.umap" SILENT=true AUTOSAVING=true KEEPDIRTY=false
[2018.09.06-13.41.12:841][889]LogSavePackage: Moving '../../../../../GitHub/HoopBall2/Saved/mainmenu_Auto1C5EF86534F14423815A5A3AF8CDE5A25.tmp' to '../../../../../GitHub/HoopBall2/Saved/Autosaves/Game/Map/Main/mainmenu_Auto1.umap'
[2018.09.06-13.41.12:845][889]LogFileHelpers: Editor autosave (incl. sublevels) for '/Game/Map/Main/mainmenu' took 0.237
[2018.09.06-13.41.12:845][889]LogFileHelpers: Editor autosave (incl. sublevels) for all levels took 0.237
[2018.09.06-13.41.12:846][889]OBJ SavePackage: Generating thumbnails for [0] asset(s) in package [/Game/Blueprints/BP_AdNetworks] ([1] browsable assets)...
[2018.09.06-13.41.12:846][889]OBJ SavePackage: Finished generating thumbnails for package [/Game/Blueprints/BP_AdNetworks]
[2018.09.06-13.41.12:846][889]Cmd: OBJ SAVEPACKAGE PACKAGE="/Game/Blueprints/BP_AdNetworks" FILE="../../../../../GitHub/HoopBall2/Saved/Autosaves/Game/Blueprints/BP_AdNetworks_Auto1.uasset" SILENT=false AUTOSAVING=true
[2018.09.06-13.41.12:882][889]LogSavePackage: Moving '../../../../../GitHub/HoopBall2/Saved/BP_AdNetworks_Auto1166325274A4631AF871ADE93108B0DA1.tmp' to '../../../../../GitHub/HoopBall2/Saved/Autosaves/Game/Blueprints/BP_AdNetworks_Auto1.uasset'
[2018.09.06-13.41.12:883][889]LogFileHelpers: Auto-saving content packages took 0.038
[2018.09.06-13.42.51:559][521]BlueprintLog: New page: Compile BP_AdNetworks
[2018.09.06-13.42.52:143][548]Cmd: OBJ SAVEPACKAGE PACKAGE="/Game/Blueprints/BP_AdNetworks" FILE="../../../../../GitHub/HoopBall2/Content/Blueprints/BP_AdNetworks.uasset" SILENT=true
[2018.09.06-13.42.52:177][548]LogSavePackage: Moving '../../../../../GitHub/HoopBall2/Saved/BP_AdNetworks36F763FF40DF8FF6849393AB6C9E4944.tmp' to '../../../../../GitHub/HoopBall2/Content/Blueprints/BP_AdNetworks.uasset'
[2018.09.06-13.42.52:897][601]Cmd: OBJ SAVEPACKAGE PACKAGE="/Game/Map/Main/mainmenu" FILE="../../../../../GitHub/HoopBall2/Content/Map/Main/mainmenu.umap" SILENT=true AUTOSAVING=false KEEPDIRTY=false
[2018.09.06-13.42.53:102][601]LogSavePackage: Moving '../../../../../GitHub/HoopBall2/Saved/mainmenu7C73B017428C877C2B29808D3A7F1198.tmp' to '../../../../../GitHub/HoopBall2/Content/Map/Main/mainmenu.umap'
[2018.09.06-13.42.53:131][601]LogFileHelpers: Saving map 'mainmenu' took 0.436
[2018.09.06-13.43.04:662][967]LogWindows: Warning: CreateProc failed: The system cannot find the file specified. (0x00000002)
[2018.09.06-13.43.04:662][967]LogWindows: Warning: URL: D:/Program Files/Git/bin/git.exe version
[2018.09.06-13.43.27:062][832]LogSlate: Window 'Source Control Login' being destroyed
[2018.09.06-13.43.30:279][189]SourceControl: fatal: D:/Epic Games/UE_4.20/Engine/Content: 'D:/Epic Games/UE_4.20/Engine/Content' is outside repository
[2018.09.06-13.43.30:424][189]LogPackageName: Error: Illegal call to DoesPackageExist: '../../../../../GitHub/HoopBall2/HoopBall.uproject' is not a standard unreal filename or a long path name. Reason: Path should be no less than 4 characters long.
[2018.09.06-13.43.33:661][189]LogStats: FPlatformStackWalk::StackWalkAndDump -  3.237 s
[2018.09.06-13.43.33:661][189]LogOutputDevice: Error: === Handled ensure: ===
[2018.09.06-13.43.33:661][189]LogOutputDevice: Error: 
[2018.09.06-13.43.33:661][189]LogOutputDevice: Error: Ensure condition failed: false [File:D:\Build\++UE4\Sync\Engine\Source\Runtime\CoreUObject\Private\Misc\PackageName.cpp] [Line: 822]
[2018.09.06-13.43.33:661][189]LogOutputDevice: Error: Illegal call to DoesPackageExist: '../../../../../GitHub/HoopBall2/HoopBall.uproject' is not a standard unreal filename or a long path name. Reason: Path should be no less than 4 characters long.
[2018.09.06-13.43.33:661][189]LogOutputDevice: Error: Stack: 
[2018.09.06-13.43.33:661][189]LogOutputDevice: Error: [Callstack] 0x000007fedb697136 UE4Editor-Core.dll!UnknownFunction []
[2018.09.06-13.43.33:661][189]LogOutputDevice: Error: [Callstack] 0x000007fedb3d0c82 UE4Editor-Core.dll!UnknownFunction []
[2018.09.06-13.43.33:662][189]LogOutputDevice: Error: [Callstack] 0x000007fedb3eb346 UE4Editor-Core.dll!UnknownFunction []
[2018.09.06-13.43.33:662][189]LogOutputDevice: Error: [Callstack] 0x000007fedd7f4787 UE4Editor-CoreUObject.dll!UnknownFunction []
[2018.09.06-13.43.33:662][189]LogOutputDevice: Error: [Callstack] 0x000007fed81481a5 UE4Editor-SourceControl.dll!UnknownFunction []
[2018.09.06-13.43.33:662][189]LogOutputDevice: Error: [Callstack] 0x000007fed8148339 UE4Editor-SourceControl.dll!UnknownFunction []
[2018.09.06-13.43.33:662][189]LogOutputDevice: Error: [Callstack] 0x000007fed1614e8d UE4Editor-SourceControlWindows.dll!UnknownFunction []
[2018.09.06-13.43.33:662][189]LogOutputDevice: Error: [Callstack] 0x000007fed15c804e UE4Editor-SourceControlWindows.dll!UnknownFunction []
[2018.09.06-13.43.33:662][189]LogOutputDevice: Error: [Callstack] 0x000007fed15c75df UE4Editor-SourceControlWindows.dll!UnknownFunction []
[2018.09.06-13.43.33:662][189]LogOutputDevice: Error: [Callstack] 0x000007fed15e1f71 UE4Editor-SourceControlWindows.dll!UnknownFunction []
[2018.09.06-13.43.33:662][189]LogOutputDevice: Error: [Callstack] 0x000007fec38ef32c UE4Editor-GitSourceControl.dll!UnknownFunction []
[2018.09.06-13.43.33:662][189]LogOutputDevice: Error: [Callstack] 0x000007fec38f4e51 UE4Editor-GitSourceControl.dll!UnknownFunction []
[2018.09.06-13.43.33:662][189]LogOutputDevice: Error: [Callstack] 0x000007fed814e737 UE4Editor-SourceControl.dll!UnknownFunction []
[2018.09.06-13.43.33:662][189]LogOutputDevice: Error: [Callstack] 0x000007fed2d67a4e UE4Editor-UnrealEd.dll!UnknownFunction []
[2018.09.06-13.43.33:662][189]LogOutputDevice: Error: [Callstack] 0x000007fed365f0d6 UE4Editor-UnrealEd.dll!UnknownFunction []
[2018.09.06-13.43.33:662][189]LogOutputDevice: Error: [Callstack] 0x000000013fa75cbd UE4Editor.exe!UnknownFunction []
[2018.09.06-13.43.33:662][189]LogOutputDevice: Error: [Callstack] 0x000000013fa85b3c UE4Editor.exe!UnknownFunction []
[2018.09.06-13.43.33:662][189]LogOutputDevice: Error: [Callstack] 0x000000013fa85bba UE4Editor.exe!UnknownFunction []
[2018.09.06-13.43.33:662][189]LogOutputDevice: Error: [Callstack] 0x000000013fa93dac UE4Editor.exe!UnknownFunction []
[2018.09.06-13.43.33:662][189]LogOutputDevice: Error: [Callstack] 0x000000013fa95aaa UE4Editor.exe!UnknownFunction []
[2018.09.06-13.43.33:662][189]LogOutputDevice: Error: [Callstack] 0x0000000076fe652d kernel32.dll!UnknownFunction []
[2018.09.06-13.43.33:662][189]LogOutputDevice: Error: [Callstack] 0x000000007711c541 ntdll.dll!UnknownFunction []
[2018.09.06-13.43.33:662][189]LogOutputDevice: Error: 
[2018.09.06-13.43.33:680][189]LogStats:                SubmitErrorReport -  0.008 s
[2018.09.06-13.43.43:453][189]LogStats:                    SendNewReport -  9.773 s
[2018.09.06-13.43.43:453][189]LogStats:             FDebug::EnsureFailed - 13.028 s
[2018.09.06-13.44.03:905][189]LogSlate: Window 'Submit Files' being destroyed
[2018.09.06-13.44.05:170][189]LogSourceControl: commit successful: [master 7d63f22] 06/09/2018 - implemented ad IDS
[2018.09.06-13.44.05:340][189]SourceControl: [master 7d63f22] 06/09/2018 - implemented ad IDS
[2018.09.06-13.44.05:340][189]SourceControl:  6 files changed, 8 insertions(+), 4 deletions(-)
[2018.09.06-13.44.05:349][189]SourceControl: Commited [master 7d63f22] 06/09/2018 - implemented ad IDS.
